<?xml version="1.0" encoding="UTF-8" ?>
<testsuite errors="0" failures="0" hostname="Nico-PC" name="modelo.moviles.tests.MotoTest" tests="4" time="0.008" timestamp="2013-12-02T05:43:22">
  <properties>
[...]
</properties>
  <testcase classname="modelo.moviles.tests.MotoTest" name="testMotoCruzarPiqueteSumaMovimientos" time="0.0" />
  <testcase classname="modelo.moviles.tests.MotoTest" name="testMotoCruzarBache" time="0.0" />
  <testcase classname="modelo.moviles.tests.MotoTest" name="testMotoRotarMovil" time="0.001" />
  <testcase classname="modelo.moviles.tests.MotoTest" name="testMotoCruzarPiqueteJugadorCambiaDePosicion" time="0.0" />
  <system-out><![CDATA[]]></system-out>
  <system-err><![CDATA[]]></system-err>
</testsuite>
